<?xml version="1.0" encoding="UTF-8"?>
<testng-results skipped="0" failed="0" total="2" passed="2">
  <reporter-output>
  </reporter-output>
  <suite name="Suite" duration-ms="76619" started-at="2018-03-12T16:54:02Z" finished-at="2018-03-12T16:55:19Z">
    <groups>
    </groups>
    <test name="On firefox" duration-ms="63242" started-at="2018-03-12T16:54:02Z" finished-at="2018-03-12T16:55:06Z">
      <class name="grid.GridEg1">
        <test-method status="PASS" signature="t(java.lang.String)[pri:0, instance:grid.GridEg1@2ef5e5e3]" name="t" duration-ms="63142" started-at="2018-03-12T22:24:02Z" finished-at="2018-03-12T22:25:06Z">
          <params>
            <param index="0">
              <value>
                <![CDATA[firefox]]>
              </value>
            </param>
          </params>
          <reporter-output>
          </reporter-output>
        </test-method> <!-- t -->
      </class> <!-- grid.GridEg1 -->
    </test> <!-- On firefox -->
    <test name="On chrome" duration-ms="76595" started-at="2018-03-12T16:54:02Z" finished-at="2018-03-12T16:55:19Z">
      <class name="grid.GridEg1">
        <test-method status="PASS" signature="t(java.lang.String)[pri:0, instance:grid.GridEg1@4cc0edeb]" name="t" duration-ms="76526" started-at="2018-03-12T22:24:02Z" finished-at="2018-03-12T22:25:19Z">
          <params>
            <param index="0">
              <value>
                <![CDATA[chrome]]>
              </value>
            </param>
          </params>
          <reporter-output>
          </reporter-output>
        </test-method> <!-- t -->
      </class> <!-- grid.GridEg1 -->
    </test> <!-- On chrome -->
  </suite> <!-- Suite -->
</testng-results>
